2015-10-14T11:53:03.207+0200 I CONTROL  Hotfix KB2731284 or later update is not installed, will zero-out data files
2015-10-14T11:53:03.227+0200 I JOURNAL  [initandlisten] journal dir=data\db\journal
2015-10-14T11:53:03.227+0200 I JOURNAL  [initandlisten] recover : no journal files present, no recovery needed
2015-10-14T11:53:03.257+0200 I JOURNAL  [durability] Durability thread started
2015-10-14T11:53:03.258+0200 I JOURNAL  [journal writer] Journal writer thread started
2015-10-14T11:53:03.365+0200 I CONTROL  [initandlisten] MongoDB starting : pid=4856 port=27017 dbpath=data\db 64-bit host=ITEM-62094
2015-10-14T11:53:03.366+0200 I CONTROL  [initandlisten] targetMinOS: Windows 7/Windows Server 2008 R2
2015-10-14T11:53:03.366+0200 I CONTROL  [initandlisten] db version v3.0.6
2015-10-14T11:53:03.366+0200 I CONTROL  [initandlisten] git version: 1ef45a23a4c5e3480ac919b28afcba3c615488f2
2015-10-14T11:53:03.366+0200 I CONTROL  [initandlisten] build info: windows sys.getwindowsversion(major=6, minor=1, build=7601, platform=2, service_pack='Service Pack 1') BOOST_LIB_VERSION=1_49
2015-10-14T11:53:03.366+0200 I CONTROL  [initandlisten] allocator: tcmalloc
2015-10-14T11:53:03.366+0200 I CONTROL  [initandlisten] options: { storage: { dbPath: "data\db" }, systemLog: { destination: "file", logAppend: true, path: "data\logs\mongodb.log" } }
2015-10-14T11:53:03.368+0200 I INDEX    [initandlisten] allocating new ns file data\db\local.ns, filling with zeroes...
2015-10-14T11:53:03.753+0200 I STORAGE  [FileAllocator] allocating new datafile data\db\local.0, filling with zeroes...
2015-10-14T11:53:03.754+0200 I STORAGE  [FileAllocator] creating directory data\db\_tmp
2015-10-14T11:53:03.979+0200 I STORAGE  [FileAllocator] done allocating datafile data\db\local.0, size: 64MB,  took 0.224 secs
2015-10-14T11:53:04.107+0200 I NETWORK  [initandlisten] waiting for connections on port 27017
2015-10-14T12:01:32.941+0200 I CONTROL  Ctrl-C signal
2015-10-14T12:01:32.942+0200 I CONTROL  [consoleTerminate] got CTRL_C_EVENT, will terminate after current cmd ends
2015-10-14T12:01:32.942+0200 I CONTROL  [consoleTerminate] now exiting
2015-10-14T12:01:32.942+0200 I NETWORK  [consoleTerminate] shutdown: going to close listening sockets...
2015-10-14T12:01:32.942+0200 I NETWORK  [consoleTerminate] closing listening socket: 332
2015-10-14T12:01:32.942+0200 I NETWORK  [consoleTerminate] shutdown: going to flush diaglog...
2015-10-14T12:01:32.942+0200 I NETWORK  [consoleTerminate] shutdown: going to close sockets...
2015-10-14T12:01:32.942+0200 I STORAGE  [consoleTerminate] shutdown: waiting for fs preallocator...
2015-10-14T12:01:32.942+0200 I STORAGE  [consoleTerminate] shutdown: final commit...
2015-10-14T12:01:32.967+0200 I JOURNAL  [consoleTerminate] journalCleanup...
2015-10-14T12:01:33.001+0200 I JOURNAL  [consoleTerminate] removeJournalFiles
2015-10-14T12:01:33.002+0200 I JOURNAL  [consoleTerminate] Terminating durability thread ...
2015-10-14T12:01:33.046+0200 I JOURNAL  [journal writer] Journal writer thread stopped
2015-10-14T12:01:33.046+0200 I JOURNAL  [durability] Durability thread stopped
2015-10-14T12:01:33.046+0200 I STORAGE  [consoleTerminate] shutdown: closing all files...
2015-10-14T12:01:33.052+0200 I STORAGE  [consoleTerminate] closeAllFiles() finished
2015-10-14T12:01:33.052+0200 I STORAGE  [consoleTerminate] shutdown: removing fs lock...
2015-10-14T12:01:33.054+0200 I CONTROL  [consoleTerminate] dbexit:  rc: 12
2015-10-14T12:03:48.179+0200 I CONTROL  ***** SERVER RESTARTED *****
2015-10-14T12:03:48.251+0200 I CONTROL  Hotfix KB2731284 or later update is not installed, will zero-out data files
2015-10-14T12:03:48.274+0200 I JOURNAL  [initandlisten] journal dir=data/db\journal
2015-10-14T12:03:48.274+0200 I JOURNAL  [initandlisten] recover : no journal files present, no recovery needed
2015-10-14T12:03:48.313+0200 I JOURNAL  [durability] Durability thread started
2015-10-14T12:03:48.313+0200 I JOURNAL  [journal writer] Journal writer thread started
2015-10-14T12:03:48.398+0200 I CONTROL  [initandlisten] MongoDB starting : pid=6272 port=27017 dbpath=data/db 64-bit host=ITEM-62094
2015-10-14T12:03:48.398+0200 I CONTROL  [initandlisten] targetMinOS: Windows 7/Windows Server 2008 R2
2015-10-14T12:03:48.398+0200 I CONTROL  [initandlisten] db version v3.0.6
2015-10-14T12:03:48.399+0200 I CONTROL  [initandlisten] git version: 1ef45a23a4c5e3480ac919b28afcba3c615488f2
2015-10-14T12:03:48.399+0200 I CONTROL  [initandlisten] build info: windows sys.getwindowsversion(major=6, minor=1, build=7601, platform=2, service_pack='Service Pack 1') BOOST_LIB_VERSION=1_49
2015-10-14T12:03:48.399+0200 I CONTROL  [initandlisten] allocator: tcmalloc
2015-10-14T12:03:48.399+0200 I CONTROL  [initandlisten] options: { storage: { dbPath: "data/db/" }, systemLog: { destination: "file", logAppend: true, path: "data/logs/mongodb.log" } }
2015-10-14T12:03:48.410+0200 I NETWORK  [initandlisten] waiting for connections on port 27017
2015-10-14T12:05:44.111+0200 I CONTROL  Ctrl-C signal
2015-10-14T12:05:44.111+0200 I CONTROL  [consoleTerminate] got CTRL_C_EVENT, will terminate after current cmd ends
2015-10-14T12:05:44.111+0200 I CONTROL  [consoleTerminate] now exiting
2015-10-14T12:05:44.112+0200 I NETWORK  [consoleTerminate] shutdown: going to close listening sockets...
2015-10-14T12:05:44.112+0200 I NETWORK  [consoleTerminate] closing listening socket: 332
2015-10-14T12:05:44.112+0200 I NETWORK  [consoleTerminate] shutdown: going to flush diaglog...
2015-10-14T12:05:44.112+0200 I NETWORK  [consoleTerminate] shutdown: going to close sockets...
2015-10-14T12:05:44.112+0200 I STORAGE  [consoleTerminate] shutdown: waiting for fs preallocator...
2015-10-14T12:05:44.113+0200 I STORAGE  [consoleTerminate] shutdown: final commit...
2015-10-14T12:05:44.121+0200 I JOURNAL  [consoleTerminate] journalCleanup...
2015-10-14T12:05:44.152+0200 I JOURNAL  [consoleTerminate] removeJournalFiles
2015-10-14T12:05:44.153+0200 I JOURNAL  [consoleTerminate] Terminating durability thread ...
2015-10-14T12:05:44.215+0200 I JOURNAL  [journal writer] Journal writer thread stopped
2015-10-14T12:05:44.215+0200 I JOURNAL  [durability] Durability thread stopped
2015-10-14T12:05:44.215+0200 I STORAGE  [consoleTerminate] shutdown: closing all files...
2015-10-14T12:05:44.219+0200 I STORAGE  [consoleTerminate] closeAllFiles() finished
2015-10-14T12:05:44.219+0200 I STORAGE  [consoleTerminate] shutdown: removing fs lock...
2015-10-14T12:05:44.220+0200 I CONTROL  [consoleTerminate] dbexit:  rc: 12
2015-10-14T12:14:08.175+0200 I CONTROL  ***** SERVER RESTARTED *****
2015-10-14T12:14:08.214+0200 I CONTROL  Hotfix KB2731284 or later update is not installed, will zero-out data files
2015-10-14T12:14:08.233+0200 I JOURNAL  [initandlisten] journal dir=data/db\journal
2015-10-14T12:14:08.233+0200 I JOURNAL  [initandlisten] recover : no journal files present, no recovery needed
2015-10-14T12:14:08.265+0200 I JOURNAL  [durability] Durability thread started
2015-10-14T12:14:08.266+0200 I JOURNAL  [journal writer] Journal writer thread started
2015-10-14T12:14:08.362+0200 I CONTROL  [initandlisten] MongoDB starting : pid=4856 port=27017 dbpath=data/db 64-bit host=ITEM-62094
2015-10-14T12:14:08.362+0200 I CONTROL  [initandlisten] targetMinOS: Windows 7/Windows Server 2008 R2
2015-10-14T12:14:08.362+0200 I CONTROL  [initandlisten] db version v3.0.6
2015-10-14T12:14:08.362+0200 I CONTROL  [initandlisten] git version: 1ef45a23a4c5e3480ac919b28afcba3c615488f2
2015-10-14T12:14:08.362+0200 I CONTROL  [initandlisten] build info: windows sys.getwindowsversion(major=6, minor=1, build=7601, platform=2, service_pack='Service Pack 1') BOOST_LIB_VERSION=1_49
2015-10-14T12:14:08.362+0200 I CONTROL  [initandlisten] allocator: tcmalloc
2015-10-14T12:14:08.363+0200 I CONTROL  [initandlisten] options: { storage: { dbPath: "data/db/" }, systemLog: { destination: "file", logAppend: true, path: "data/logs/mongodb.log" } }
2015-10-14T12:14:08.374+0200 I NETWORK  [initandlisten] waiting for connections on port 27017
2015-10-14T12:14:39.308+0200 I NETWORK  [initandlisten] connection accepted from 127.0.0.1:49570 #1 (1 connection now open)
2015-10-14T13:36:26.576+0200 I NETWORK  [conn1] end connection 127.0.0.1:49570 (0 connections now open)
2015-10-14T13:36:30.907+0200 I CONTROL  Ctrl-C signal
2015-10-14T13:36:30.907+0200 I CONTROL  [consoleTerminate] got CTRL_C_EVENT, will terminate after current cmd ends
2015-10-14T13:36:30.907+0200 I CONTROL  [consoleTerminate] now exiting
2015-10-14T13:36:30.907+0200 I NETWORK  [consoleTerminate] shutdown: going to close listening sockets...
2015-10-14T13:36:30.907+0200 I NETWORK  [consoleTerminate] closing listening socket: 332
2015-10-14T13:36:30.908+0200 I NETWORK  [consoleTerminate] shutdown: going to flush diaglog...
2015-10-14T13:36:30.908+0200 I NETWORK  [consoleTerminate] shutdown: going to close sockets...
2015-10-14T13:36:30.908+0200 I STORAGE  [consoleTerminate] shutdown: waiting for fs preallocator...
2015-10-14T13:36:30.908+0200 I STORAGE  [consoleTerminate] shutdown: final commit...
2015-10-14T13:36:30.917+0200 I JOURNAL  [consoleTerminate] journalCleanup...
2015-10-14T13:36:30.949+0200 I JOURNAL  [consoleTerminate] removeJournalFiles
2015-10-14T13:36:30.951+0200 I JOURNAL  [consoleTerminate] Terminating durability thread ...
2015-10-14T13:36:31.012+0200 I JOURNAL  [journal writer] Journal writer thread stopped
2015-10-14T13:36:31.012+0200 I JOURNAL  [durability] Durability thread stopped
2015-10-14T13:36:31.012+0200 I STORAGE  [consoleTerminate] shutdown: closing all files...
2015-10-14T13:36:31.019+0200 I STORAGE  [consoleTerminate] closeAllFiles() finished
2015-10-14T13:36:31.019+0200 I STORAGE  [consoleTerminate] shutdown: removing fs lock...
2015-10-14T13:36:31.020+0200 I CONTROL  [consoleTerminate] dbexit:  rc: 12
